  Platformer.cpp
C:\Users\socks\source\repos\Platformer\Platformer\Platformer.cpp(58,23): warning C4018: '<': signed/unsigned mismatch
C:\Users\socks\source\repos\Platformer\Platformer\Platformer.cpp(74,23): warning C4018: '<': signed/unsigned mismatch
C:\Users\socks\source\repos\Platformer\Platformer\Platformer.cpp(88,15): warning C4244: 'argument': conversion from 'time_t' to 'unsigned int', possible loss of data
C:\Users\socks\source\repos\Platformer\Platformer\Platformer.cpp(141,20): warning C4244: '+=': conversion from 'double' to 'float', possible loss of data
C:\Users\socks\source\repos\Platformer\Platformer\Platformer.cpp(147,64): warning C4244: 'argument': conversion from 'double' to 'T', possible loss of data
          with
          [
              T=float
          ]
C:\Users\socks\source\repos\Platformer\Platformer\Platformer.cpp(148,64): warning C4244: 'argument': conversion from 'double' to 'T', possible loss of data
          with
          [
              T=float
          ]
C:\Users\socks\source\repos\Platformer\Platformer\Platformer.cpp(155,23): warning C4244: '+=': conversion from 'double' to 'float', possible loss of data
C:\Users\socks\source\repos\Platformer\Platformer\Platformer.cpp(158,27): warning C4018: '<': signed/unsigned mismatch
C:\Users\socks\source\repos\Platformer\Platformer\Platformer.cpp(161,92): warning C4244: 'argument': conversion from 'double' to 'T', possible loss of data
          with
          [
              T=float
          ]
C:\Users\socks\source\repos\Platformer\Platformer\Platformer.cpp(171,35): warning C4018: '<': signed/unsigned mismatch
C:\Users\socks\source\repos\Platformer\Platformer\Platformer.cpp(189,49): warning C4244: '-=': conversion from 'double' to 'float', possible loss of data
C:\Users\socks\source\repos\Platformer\Platformer\Platformer.cpp(214,45): warning C4305: '=': truncation from 'double' to 'float'
C:\Users\socks\source\repos\Platformer\Platformer\Platformer.cpp(253,24): warning C4305: '=': truncation from 'double' to 'float'
C:\Users\socks\source\repos\Platformer\Platformer\Platformer.cpp(260,71): warning C4244: 'argument': conversion from 'double' to 'T', possible loss of data
          with
          [
              T=float
          ]
C:\Users\socks\source\repos\Platformer\Platformer\Platformer.cpp(264,70): warning C4244: 'argument': conversion from 'double' to 'T', possible loss of data
          with
          [
              T=float
          ]
C:\Users\socks\source\repos\Platformer\Platformer\Platformer.cpp(267,85): warning C4244: 'argument': conversion from 'double' to 'T', possible loss of data
          with
          [
              T=float
          ]
C:\Users\socks\source\repos\Platformer\Platformer\Platformer.cpp(272,24): warning C4305: '=': truncation from 'double' to 'float'
MSVCRT.lib(initializers.obj) : warning LNK4098: defaultlib 'msvcrtd.lib' conflicts with use of other libs; use /NODEFAULTLIB:library
  Generating code
  3 of 389 functions ( 0.8%) were compiled, the rest were copied from previous compilation.
    0 functions were new in current compilation
    1 functions had inline decision re-evaluated but remain unchanged
  Finished generating code
  Platformer.vcxproj -> C:\Users\socks\source\repos\Platformer\Release\Platformer.exe
